This file contains any messages produced by compilers while
running configure, to aid debugging if configure makes a mistake.

It was created by JHttpServer configure 0.0.1, which was
generated by GNU Autoconf 2.69.  Invocation command line was

  $ ./configure 

## --------- ##
## Platform. ##
## --------- ##

hostname = brucewoo
uname -m = x86_64
uname -r = 3.8.0-33-generic
uname -s = Linux
uname -v = #48-Ubuntu SMP Wed Oct 23 09:16:58 UTC 2013

/usr/bin/uname -p = unknown
/bin/uname -X     = unknown

/bin/arch              = unknown
/usr/bin/arch -k       = unknown
/usr/convex/getsysinfo = unknown
/usr/bin/hostinfo      = unknown
/bin/machine           = unknown
/usr/bin/oslevel       = unknown
/bin/universe          = unknown

PATH: /usr/lib/lightdm/lightdm
PATH: /usr/local/sbin
PATH: /usr/local/bin
PATH: /usr/sbin
PATH: /usr/bin
PATH: /sbin
PATH: /bin
PATH: /usr/games
PATH: /usr/local/games
PATH: /usr/local/go/bin
PATH: /usr/local/mysql/bin/
PATH: /usr/local/nginx/sbin/


## ----------- ##
## Core tests. ##
## ----------- ##

configure:2179: checking for a BSD-compatible install
configure:2247: result: /usr/bin/install -c
configure:2258: checking whether build environment is sane
configure:2308: result: yes
configure:2449: checking for a thread-safe mkdir -p
configure:2488: result: /bin/mkdir -p
configure:2501: checking for gawk
configure:2517: found /usr/bin/gawk
configure:2528: result: gawk
configure:2539: checking whether make sets $(MAKE)
configure:2561: result: yes
configure:2694: checking for gcc
configure:2710: found /usr/bin/gcc
configure:2721: result: gcc
configure:2950: checking for C compiler version
configure:2959: gcc --version >&5
gcc (Ubuntu/Linaro 4.7.3-1ubuntu1) 4.7.3
Copyright (C) 2012 Free Software Foundation, Inc.
This is free software; see the source for copying conditions.  There is NO
warranty; not even for MERCHANTABILITY or FITNESS FOR A PARTICULAR PURPOSE.

configure:2970: $? = 0
configure:2959: gcc -v >&5
Using built-in specs.
COLLECT_GCC=gcc
COLLECT_LTO_WRAPPER=/usr/lib/gcc/x86_64-linux-gnu/4.7/lto-wrapper
Target: x86_64-linux-gnu
Configured with: ../src/configure -v --with-pkgversion='Ubuntu/Linaro 4.7.3-1ubuntu1' --with-bugurl=file:///usr/share/doc/gcc-4.7/README.Bugs --enable-languages=c,c++,go,fortran,objc,obj-c++ --prefix=/usr --program-suffix=-4.7 --enable-shared --enable-linker-build-id --libexecdir=/usr/lib --without-included-gettext --enable-threads=posix --with-gxx-include-dir=/usr/include/c++/4.7 --libdir=/usr/lib --enable-nls --with-sysroot=/ --enable-clocale=gnu --enable-libstdcxx-debug --enable-libstdcxx-time=yes --enable-gnu-unique-object --enable-plugin --with-system-zlib --enable-objc-gc --with-cloog --enable-cloog-backend=ppl --disable-cloog-version-check --disable-ppl-version-check --enable-multiarch --disable-werror --with-arch-32=i686 --with-abi=m64 --with-multilib-list=m32,m64,mx32 --with-tune=generic --enable-checking=release --build=x86_64-linux-gnu --host=x86_64-linux-gnu --target=x86_64-linux-gnu
Thread model: posix
gcc version 4.7.3 (Ubuntu/Linaro 4.7.3-1ubuntu1) 
configure:2970: $? = 0
configure:2959: gcc -V >&5
gcc: error: unrecognized command line option '-V'
gcc: fatal error: no input files
compilation terminated.
configure:2970: $? = 4
configure:2959: gcc -qversion >&5
gcc: error: unrecognized command line option '-qversion'
gcc: fatal error: no input files
compilation terminated.
configure:2970: $? = 4
configure:2990: checking whether the C compiler works
configure:3012: gcc    conftest.c  >&5
configure:3016: $? = 0
configure:3064: result: yes
configure:3067: checking for C compiler default output file name
configure:3069: result: a.out
configure:3075: checking for suffix of executables
configure:3082: gcc -o conftest    conftest.c  >&5
configure:3086: $? = 0
configure:3108: result: 
configure:3130: checking whether we are cross compiling
configure:3138: gcc -o conftest    conftest.c  >&5
configure:3142: $? = 0
configure:3149: ./conftest
configure:3153: $? = 0
configure:3168: result: no
configure:3173: checking for suffix of object files
configure:3195: gcc -c   conftest.c >&5
configure:3199: $? = 0
configure:3220: result: o
configure:3224: checking whether we are using the GNU C compiler
configure:3243: gcc -c   conftest.c >&5
configure:3243: $? = 0
configure:3252: result: yes
configure:3261: checking whether gcc accepts -g
configure:3281: gcc -c -g  conftest.c >&5
configure:3281: $? = 0
configure:3322: result: yes
configure:3339: checking for gcc option to accept ISO C89
configure:3402: gcc  -c -g -O2  conftest.c >&5
configure:3402: $? = 0
configure:3415: result: none needed
configure:3446: checking for style of include used by make
configure:3474: result: GNU
configure:3500: checking dependency style of gcc
configure:3611: result: gcc3
configure:3636: checking how to run the C preprocessor
configure:3667: gcc -E  conftest.c
configure:3667: $? = 0
configure:3681: gcc -E  conftest.c
conftest.c:11:28: fatal error: ac_nonexistent.h: No such file or directory
compilation terminated.
configure:3681: $? = 1
configure: failed program was:
| /* confdefs.h */
| #define PACKAGE_NAME "JHttpServer"
| #define PACKAGE_TARNAME "jhttpserver"
| #define PACKAGE_VERSION "0.0.1"
| #define PACKAGE_STRING "JHttpServer 0.0.1"
| #define PACKAGE_BUGREPORT "wuyouqiangxihuan@163.com"
| #define PACKAGE_URL ""
| #define PACKAGE "JHttpServer"
| #define VERSION "0.0.1"
| /* end confdefs.h.  */
| #include <ac_nonexistent.h>
configure:3706: result: gcc -E
configure:3726: gcc -E  conftest.c
configure:3726: $? = 0
configure:3740: gcc -E  conftest.c
conftest.c:11:28: fatal error: ac_nonexistent.h: No such file or directory
compilation terminated.
configure:3740: $? = 1
configure: failed program was:
| /* confdefs.h */
| #define PACKAGE_NAME "JHttpServer"
| #define PACKAGE_TARNAME "jhttpserver"
| #define PACKAGE_VERSION "0.0.1"
| #define PACKAGE_STRING "JHttpServer 0.0.1"
| #define PACKAGE_BUGREPORT "wuyouqiangxihuan@163.com"
| #define PACKAGE_URL ""
| #define PACKAGE "JHttpServer"
| #define VERSION "0.0.1"
| /* end confdefs.h.  */
| #include <ac_nonexistent.h>
configure:3769: checking for grep that handles long lines and -e
configure:3827: result: /bin/grep
configure:3832: checking for egrep
configure:3894: result: /bin/grep -E
configure:3899: checking for ANSI C header files
configure:3919: gcc -c -g -O2  conftest.c >&5
configure:3919: $? = 0
configure:3992: gcc -o conftest -g -O2   conftest.c  >&5
configure:3992: $? = 0
configure:3992: ./conftest
configure:3992: $? = 0
configure:4003: result: yes
configure:4016: checking for sys/types.h
configure:4016: gcc -c -g -O2  conftest.c >&5
configure:4016: $? = 0
configure:4016: result: yes
configure:4016: checking for sys/stat.h
configure:4016: gcc -c -g -O2  conftest.c >&5
configure:4016: $? = 0
configure:4016: result: yes
configure:4016: checking for stdlib.h
configure:4016: gcc -c -g -O2  conftest.c >&5
configure:4016: $? = 0
configure:4016: result: yes
configure:4016: checking for string.h
configure:4016: gcc -c -g -O2  conftest.c >&5
configure:4016: $? = 0
configure:4016: result: yes
configure:4016: checking for memory.h
configure:4016: gcc -c -g -O2  conftest.c >&5
configure:4016: $? = 0
configure:4016: result: yes
configure:4016: checking for strings.h
configure:4016: gcc -c -g -O2  conftest.c >&5
configure:4016: $? = 0
configure:4016: result: yes
configure:4016: checking for inttypes.h
configure:4016: gcc -c -g -O2  conftest.c >&5
configure:4016: $? = 0
configure:4016: result: yes
configure:4016: checking for stdint.h
configure:4016: gcc -c -g -O2  conftest.c >&5
configure:4016: $? = 0
configure:4016: result: yes
configure:4016: checking for unistd.h
configure:4016: gcc -c -g -O2  conftest.c >&5
configure:4016: $? = 0
configure:4016: result: yes
configure:4031: checking for stdlib.h
configure:4031: result: yes
configure:4031: checking for string.h
configure:4031: result: yes
configure:4046: checking for stdlib.h
configure:4046: result: yes
configure:4056: checking for GNU libc compatible malloc
configure:4080: gcc -o conftest -g -O2   conftest.c  >&5
configure:4080: $? = 0
configure:4080: ./conftest
configure:4080: $? = 0
configure:4090: result: yes
configure:4113: checking for stdlib.h
configure:4113: result: yes
configure:4123: checking for GNU libc compatible realloc
configure:4147: gcc -o conftest -g -O2   conftest.c  >&5
configure:4147: $? = 0
configure:4147: ./conftest
configure:4147: $? = 0
configure:4157: result: yes
configure:4180: checking for memset
configure:4180: gcc -o conftest -g -O2   conftest.c  >&5
conftest.c:50:6: warning: conflicting types for built-in function 'memset' [enabled by default]
configure:4180: $? = 0
configure:4180: result: yes
configure:4322: creating ./config.status

## ---------------------- ##
## Running config.status. ##
## ---------------------- ##

This file was extended by JHttpServer config.status 0.0.1, which was
generated by GNU Autoconf 2.69.  Invocation command line was

  CONFIG_FILES    = 
  CONFIG_HEADERS  = 
  CONFIG_LINKS    = 
  CONFIG_COMMANDS = 
  $ ./config.status 

on brucewoo

config.status:855: creating Makefile
config.status:855: creating config.h
config.status:1084: executing depfiles commands

## ---------------- ##
## Cache variables. ##
## ---------------- ##

ac_cv_c_compiler_gnu=yes
ac_cv_env_CC_set=
ac_cv_env_CC_value=
ac_cv_env_CFLAGS_set=
ac_cv_env_CFLAGS_value=
ac_cv_env_CPPFLAGS_set=
ac_cv_env_CPPFLAGS_value=
ac_cv_env_CPP_set=
ac_cv_env_CPP_value=
ac_cv_env_LDFLAGS_set=
ac_cv_env_LDFLAGS_value=
ac_cv_env_LIBS_set=
ac_cv_env_LIBS_value=
ac_cv_env_build_alias_set=
ac_cv_env_build_alias_value=
ac_cv_env_host_alias_set=
ac_cv_env_host_alias_value=
ac_cv_env_target_alias_set=
ac_cv_env_target_alias_value=
ac_cv_func_malloc_0_nonnull=yes
ac_cv_func_memset=yes
ac_cv_func_realloc_0_nonnull=yes
ac_cv_header_inttypes_h=yes
ac_cv_header_memory_h=yes
ac_cv_header_stdc=yes
ac_cv_header_stdint_h=yes
ac_cv_header_stdlib_h=yes
ac_cv_header_string_h=yes
ac_cv_header_strings_h=yes
ac_cv_header_sys_stat_h=yes
ac_cv_header_sys_types_h=yes
ac_cv_header_unistd_h=yes
ac_cv_objext=o
ac_cv_path_EGREP='/bin/grep -E'
ac_cv_path_GREP=/bin/grep
ac_cv_path_install='/usr/bin/install -c'
ac_cv_path_mkdir=/bin/mkdir
ac_cv_prog_AWK=gawk
ac_cv_prog_CPP='gcc -E'
ac_cv_prog_ac_ct_CC=gcc
ac_cv_prog_cc_c89=
ac_cv_prog_cc_g=yes
ac_cv_prog_make_make_set=yes
am_cv_CC_dependencies_compiler_type=gcc3

## ----------------- ##
## Output variables. ##
## ----------------- ##

ACLOCAL='${SHELL} /home/brucewoo/workspace/JHttpServer/missing --run aclocal-1.11'
AMDEPBACKSLASH='\'
AMDEP_FALSE='#'
AMDEP_TRUE=''
AMTAR='$${TAR-tar}'
AUTOCONF='${SHELL} /home/brucewoo/workspace/JHttpServer/missing --run autoconf'
AUTOHEADER='${SHELL} /home/brucewoo/workspace/JHttpServer/missing --run autoheader'
AUTOMAKE='${SHELL} /home/brucewoo/workspace/JHttpServer/missing --run automake-1.11'
AWK='gawk'
CC='gcc'
CCDEPMODE='depmode=gcc3'
CFLAGS='-g -O2'
CPP='gcc -E'
CPPFLAGS=''
CYGPATH_W='echo'
DEFS='-DHAVE_CONFIG_H'
DEPDIR='.deps'
ECHO_C=''
ECHO_N='-n'
ECHO_T=''
EGREP='/bin/grep -E'
EXEEXT=''
GREP='/bin/grep'
INSTALL_DATA='${INSTALL} -m 644'
INSTALL_PROGRAM='${INSTALL}'
INSTALL_SCRIPT='${INSTALL}'
INSTALL_STRIP_PROGRAM='$(install_sh) -c -s'
LDFLAGS=''
LIBOBJS=''
LIBS=''
LTLIBOBJS=''
MAKEINFO='${SHELL} /home/brucewoo/workspace/JHttpServer/missing --run makeinfo'
MKDIR_P='/bin/mkdir -p'
OBJEXT='o'
PACKAGE='JHttpServer'
PACKAGE_BUGREPORT='wuyouqiangxihuan@163.com'
PACKAGE_NAME='JHttpServer'
PACKAGE_STRING='JHttpServer 0.0.1'
PACKAGE_TARNAME='jhttpserver'
PACKAGE_URL=''
PACKAGE_VERSION='0.0.1'
PATH_SEPARATOR=':'
SET_MAKE=''
SHELL='/bin/bash'
STRIP=''
VERSION='0.0.1'
ac_ct_CC='gcc'
am__EXEEXT_FALSE=''
am__EXEEXT_TRUE='#'
am__fastdepCC_FALSE='#'
am__fastdepCC_TRUE=''
am__include='include'
am__isrc=''
am__leading_dot='.'
am__nodep='_no'
am__quote=''
am__tar='$${TAR-tar} chof - "$$tardir"'
am__untar='$${TAR-tar} xf -'
bindir='${exec_prefix}/bin'
build_alias=''
datadir='${datarootdir}'
datarootdir='${prefix}/share'
docdir='${datarootdir}/doc/${PACKAGE_TARNAME}'
dvidir='${docdir}'
exec_prefix='${prefix}'
host_alias=''
htmldir='${docdir}'
includedir='${prefix}/include'
infodir='${datarootdir}/info'
install_sh='${SHELL} /home/brucewoo/workspace/JHttpServer/install-sh'
libdir='${exec_prefix}/lib'
libexecdir='${exec_prefix}/libexec'
localedir='${datarootdir}/locale'
localstatedir='${prefix}/var'
mandir='${datarootdir}/man'
mkdir_p='/bin/mkdir -p'
oldincludedir='/usr/include'
pdfdir='${docdir}'
prefix='/usr/local'
program_transform_name='s,x,x,'
psdir='${docdir}'
sbindir='${exec_prefix}/sbin'
sharedstatedir='${prefix}/com'
sysconfdir='${prefix}/etc'
target_alias=''

## ----------- ##
## confdefs.h. ##
## ----------- ##

/* confdefs.h */
#define PACKAGE_NAME "JHttpServer"
#define PACKAGE_TARNAME "jhttpserver"
#define PACKAGE_VERSION "0.0.1"
#define PACKAGE_STRING "JHttpServer 0.0.1"
#define PACKAGE_BUGREPORT "wuyouqiangxihuan@163.com"
#define PACKAGE_URL ""
#define PACKAGE "JHttpServer"
#define VERSION "0.0.1"
#define STDC_HEADERS 1
#define HAVE_SYS_TYPES_H 1
#define HAVE_SYS_STAT_H 1
#define HAVE_STDLIB_H 1
#define HAVE_STRING_H 1
#define HAVE_MEMORY_H 1
#define HAVE_STRINGS_H 1
#define HAVE_INTTYPES_H 1
#define HAVE_STDINT_H 1
#define HAVE_UNISTD_H 1
#define HAVE_STDLIB_H 1
#define HAVE_STRING_H 1
#define HAVE_STDLIB_H 1
#define HAVE_MALLOC 1
#define HAVE_STDLIB_H 1
#define HAVE_REALLOC 1
#define HAVE_MEMSET 1

configure: exit 0

## ---------------------- ##
## Running config.status. ##
## ---------------------- ##

This file was extended by JHttpServer config.status 0.0.1, which was
generated by GNU Autoconf 2.69.  Invocation command line was

  CONFIG_FILES    = 
  CONFIG_HEADERS  = 
  CONFIG_LINKS    = 
  CONFIG_COMMANDS = 
  $ ./config.status Makefile depfiles

on brucewoo

config.status:855: creating Makefile
config.status:1084: executing depfiles commands
